<?xml version="1.0" encoding="UTF-8"?>
<!-- Generated by org.testng.reporters.JUnitXMLReporter -->
<testsuite ignored="0" hostname="SATISH" failures="0" tests="4" name="Default test" time="0.062" errors="0" timestamp="2024-11-14T16:49:14 IST">
  <testcase classname="com.tutorialsninja.tests.Priorities" name="sampleOne" time="0.014"/>
  <testcase classname="com.tutorialsninja.tests.Priorities" name="sampleTwo" time="0.002"/>
  <testcase classname="com.tutorialsninja.tests.Priorities" name="sampleThree" time="0.001"/>
  <testcase classname="com.tutorialsninja.tests.Priorities" name="sampleFour" time="0.001"/>
</testsuite> <!-- Default test -->
